[2014-03-13 08:39:00] system.debug: --> Config Class Initialized  
[2014-03-13 08:39:00] system.debug: --> Translator Class Initialized  
[2014-03-13 08:39:00] system.debug: --> Response Class Initialized  
[2014-03-13 08:39:00] system.debug: --> Uri Class Initialized  
[2014-03-13 08:39:00] system.debug: --> Router Class Initialized  
[2014-03-13 08:39:00] system.debug: --> Global POST and COOKIE data sanitized  
[2014-03-13 08:39:00] system.debug: --> $_REQUEST_URI: /home  
[2014-03-13 08:39:00] system.debug: --> $_COOKIE:  array (  'frm_session' => '3650g9f73b0tq65fr83s6o4nt5',  'frm_session_userdata' => 'a:4:{s:10:"session_id";s:0:"";s:10:"ip_address";s:9:"127.0.0.1";s:10:"user_agent";s:50:"Mozilla/5.0 (X11; Linux x86_64) AppleWebKit/537.36";s:13:"last_activity";i:1394699831;}fc7ddefce8cf9408e5d8aa040c6f5f46',) 
[2014-03-13 08:39:00] system.debug: --> $_POST:   
[2014-03-13 08:39:00] system.debug: --> $_GET:   
[2014-03-13 08:39:00] system.debug: --> Post Class Initialized  
[2014-03-13 08:39:00] system.debug: --> Url Class Initialized  
[2014-03-13 08:39:00] system.debug: --> Html Class Initialized  
[2014-03-13 08:39:00] system.debug: --> Language file loaded: /var/www/demo_blog/app/translations/en_US/date_format.php  
[2014-03-13 08:39:00] system.debug: --> Date_Format Class Initialized  
[2014-03-13 08:39:00] system.debug: --> Url Class Initialized  
[2014-03-13 08:39:00] system.debug: --> Tag Cloud Class Initialized  
[2014-03-13 08:39:00] system.debug: --> View Class Initialized  
[2014-03-13 08:39:00] system.debug: --> Validator Class Initialized  
[2014-03-13 08:39:00] system.debug: --> Language file loaded: /var/www/demo_blog/app/translations/en_US/form.php  
[2014-03-13 08:39:00] system.debug: --> Form Class Initialized  
[2014-03-13 08:39:00] system.debug: --> Language file loaded: /var/www/demo_blog/app/translations/en_US/hvc.php  
[2014-03-13 08:39:00] system.debug: --> Hvc Class Initialized  
[2014-03-13 08:39:00] system.debug: --> Request Class Initialized  
[2014-03-13 08:39:00] system.debug: --> Session Native Driver Initialized  
[2014-03-13 08:39:00] system.debug: --> Session routines successfully run  
[2014-03-13 08:39:00] system.debug: --> Sess Class Initialized  
[2014-03-13 08:39:00] system.debug: --> $_SESSION:  array (  'captcha_id' =>   array (    'image_name' => '55d86bf5cde9533732b6678e80bff8be',    'code' => 'UDFXB',  ),  'session_id' => '',  'last_activity' => 1394699940,  'auth_hasIdentity' => 'yes',  'auth_user_username' => 'asd',  'auth_user_email' => 'eguvenc@gmail.com',  'auth_user_id' => '52',) 
[2014-03-13 08:39:00] system.debug: --> Auth Class Initialized  
[2014-03-13 08:39:00] system.debug: --> Public User Class Initialized  
[2014-03-13 08:39:00] system.debug: --> Db Class Initialized  
[2014-03-13 08:39:00] system.debug: --> Request Class Initialized  
[2014-03-13 08:39:00] system.debug: --> $_SQL ( Query ): array (  'time' => '0.0003',  'output' => '         SELECT *,         IFNULL((SELECT count(*) FROM comments          WHERE posts.post_id = comment_post_id AND comment_status = 1          GROUP BY posts.post_id LIMIT 1), 0) as total_comment          FROM (posts)          JOIN users ON user_id = post_user_id         WHERE `post_status` = \'Published\'         ',) 
[2014-03-13 08:39:00] system.debug: --> $_HVC: posts / getallhome / index array (  'time' => '0.0006',  'output' => '<br /><div style="float:left;">{"results":[{"post_id":"10","post_user_id":"52","post_title":"HELLLO","post_content":"dasdasdASDASD","post_tags":"blog","post_status":"Published","post_creation_date":"2014-03-02 13:45:00","post_modification_date":"2014-03-10 07:52:49","user_id":"52","user_email":"eguvenc@gmail.com","user_password":"$2y$10$XK2SY\\/ukm9L\\/WbwhCeG0Ku.cl0OSgScIPMqX26i6HxB1prGDBko5a","user_creation_date":"2014-02-17 15:44:11","user_modification_date":null,"user_username":"asd","total_comment":"0"}]}</div><div style="clear:both;"></div>',) 
[2014-03-13 08:39:00] system.debug: --> Url Class Initialized  
[2014-03-13 08:39:00] system.debug: --> Auth Class Initialized  
[2014-03-13 08:39:00] system.debug: --> View Class Initialized  
[2014-03-13 08:39:00] system.debug: --> Config file loaded: /var/www/demo_blog/app/config/navbar.php  
[2014-03-13 08:39:00] system.debug: --> Request Class Initialized  
[2014-03-13 08:39:00] system.debug: --> View file loaded: /var/www/demo_blog/private/views/view/header.php  
[2014-03-13 08:39:00] system.debug: --> $_HVC: views / header / index array (  'time' => '0.0006',  'output' => '<br /><div style="float:left;"><div id="header"> <h1 class="logo"><a href="/home">Blog Demo</a></h1><div id="menu"><ul><li><a href="/home"   id="active"  >Home</a></li><li><a href="/about"   >About</a></li><li><a href="/contact"   >Contact</a></li></ul></div></div></div><div style="clear:both;"></div>',) 
[2014-03-13 08:39:00] system.debug: --> Url Class Initialized  
[2014-03-13 08:39:00] system.debug: --> Auth Class Initialized  
[2014-03-13 08:39:00] system.debug: --> View Class Initialized  
[2014-03-13 08:39:00] system.debug: --> Hvc Class Initialized  
[2014-03-13 08:39:00] system.debug: --> Request Class Initialized  
[2014-03-13 08:39:00] system.debug: --> Post Class Initialized  
[2014-03-13 08:39:00] system.debug: --> Db Class Initialized  
[2014-03-13 08:39:00] system.debug: --> Request Class Initialized  
[2014-03-13 08:39:00] system.debug: --> $_SQL ( Query ): array (  'time' => '0.0002',  'output' => 'SELECT * FROM comments WHERE comment_status = 0',) 
[2014-03-13 08:39:00] system.debug: --> $_HVC: comments / getcount / index array (  'time' => '0.0007',  'output' => '<br /><div style="float:left;">{"results":{"count":0}}</div><div style="clear:both;"></div>',) 
[2014-03-13 08:39:00] system.debug: --> View file loaded: /var/www/demo_blog/private/views/view/sidebar.php  
[2014-03-13 08:39:00] system.debug: --> $_HVC: views / sidebar / index array (  'time' => '0.0043',  'output' => '<br /><div style="float:left;"><div id="sidebar">         <div id="sidepaneluser">            <div class="sidebarheader">                <div id="block"></div>                <div id="tags">asd</div>            </div>            <div class="tags_panel">                <a href="/post/create">Create New Post</a> <br>                <a href="/post/manage">Manage Posts</a> <br>                <a href="/comment/display">Approve Comments</a>                <span class="approve_comments">                    ( 0 )                </span> <br>                                <a href="/membership/logout">Logout</a> <br>            </div>         </div>         <div id="sidepaneluser">                <div class="sidebarheader">            <div id="block"></div>            <div id="tags">Tags</div>        </div>        <div class="tags_a">            <a href="/tag/blog">blog</a>            <a href="/tag/test">test</a>        </div>     </div></div></div><div style="clear:both;"></div>',) 
[2014-03-13 08:39:00] system.debug: --> View file loaded: /var/www/demo_blog/app/templates/footer.php  
[2014-03-13 08:39:00] system.debug: --> View file loaded: /var/www/demo_blog/public/home/view/home.php  
[2014-03-13 08:39:00] system.debug: --> Form Class getNotice() Executed  
[2014-03-13 08:39:00] system.debug: --> Final output sent to browser array (  'memory' => '1,877,024 bytes',) 
[2014-03-13 08:39:10] system.debug: --> Config Class Initialized  
[2014-03-13 08:39:10] system.debug: --> Translator Class Initialized  
[2014-03-13 08:39:10] system.debug: --> Response Class Initialized  
[2014-03-13 08:39:10] system.debug: --> Uri Class Initialized  
[2014-03-13 08:39:10] system.debug: --> Router Class Initialized  
[2014-03-13 08:39:10] system.debug: --> Global POST and COOKIE data sanitized  
[2014-03-13 08:39:10] system.debug: --> $_REQUEST_URI: /home  
[2014-03-13 08:39:10] system.debug: --> $_COOKIE:  array (  'frm_session' => '3650g9f73b0tq65fr83s6o4nt5',  'frm_session_userdata' => 'a:4:{s:10:"session_id";s:0:"";s:10:"ip_address";s:9:"127.0.0.1";s:10:"user_agent";s:50:"Mozilla/5.0 (X11; Linux x86_64) AppleWebKit/537.36";s:13:"last_activity";i:1394699940;}f9424e9e7a3b24022f59680d94e8a23f',) 
[2014-03-13 08:39:10] system.debug: --> $_POST:   
[2014-03-13 08:39:10] system.debug: --> $_GET:   
[2014-03-13 08:39:10] system.debug: --> Post Class Initialized  
[2014-03-13 08:39:10] system.debug: --> Url Class Initialized  
[2014-03-13 08:39:10] system.debug: --> Html Class Initialized  
[2014-03-13 08:39:10] system.debug: --> Language file loaded: /var/www/demo_blog/app/translations/en_US/date_format.php  
[2014-03-13 08:39:10] system.debug: --> Date_Format Class Initialized  
[2014-03-13 08:39:10] system.debug: --> Url Class Initialized  
[2014-03-13 08:39:10] system.debug: --> Tag Cloud Class Initialized  
[2014-03-13 08:39:10] system.debug: --> View Class Initialized  
[2014-03-13 08:39:10] system.debug: --> Validator Class Initialized  
[2014-03-13 08:39:10] system.debug: --> Language file loaded: /var/www/demo_blog/app/translations/en_US/form.php  
[2014-03-13 08:39:10] system.debug: --> Form Class Initialized  
[2014-03-13 08:39:10] system.debug: --> Language file loaded: /var/www/demo_blog/app/translations/en_US/hvc.php  
[2014-03-13 08:39:10] system.debug: --> Hvc Class Initialized  
[2014-03-13 08:39:10] system.debug: --> Request Class Initialized  
[2014-03-13 08:39:10] system.debug: --> Session Native Driver Initialized  
[2014-03-13 08:39:10] system.debug: --> Session routines successfully run  
[2014-03-13 08:39:10] system.debug: --> Sess Class Initialized  
[2014-03-13 08:39:10] system.debug: --> $_SESSION:  array (  'captcha_id' =>   array (    'image_name' => '55d86bf5cde9533732b6678e80bff8be',    'code' => 'UDFXB',  ),  'session_id' => '',  'last_activity' => 1394699950,  'auth_hasIdentity' => 'yes',  'auth_user_username' => 'asd',  'auth_user_email' => 'eguvenc@gmail.com',  'auth_user_id' => '52',) 
[2014-03-13 08:39:10] system.debug: --> Auth Class Initialized  
[2014-03-13 08:39:10] system.debug: --> Public User Class Initialized  
[2014-03-13 08:39:10] system.debug: --> Db Class Initialized  
[2014-03-13 08:39:10] system.debug: --> Request Class Initialized  
[2014-03-13 08:39:10] system.debug: --> $_SQL ( Query ): array (  'time' => '0.0002',  'output' => '         SELECT *,         IFNULL((SELECT count(*) FROM comments          WHERE posts.post_id = comment_post_id AND comment_status = 1          GROUP BY posts.post_id LIMIT 1), 0) as total_comment          FROM (posts)          JOIN users ON user_id = post_user_id         WHERE `post_status` = \'Published\'         ',) 
[2014-03-13 08:39:10] system.debug: --> $_HVC: posts / getallhome / index array (  'time' => '0.0005',  'output' => '<br /><div style="float:left;">{"results":[{"post_id":"10","post_user_id":"52","post_title":"HELLLO","post_content":"dasdasdASDASD","post_tags":"blog","post_status":"Published","post_creation_date":"2014-03-02 13:45:00","post_modification_date":"2014-03-10 07:52:49","user_id":"52","user_email":"eguvenc@gmail.com","user_password":"$2y$10$XK2SY\\/ukm9L\\/WbwhCeG0Ku.cl0OSgScIPMqX26i6HxB1prGDBko5a","user_creation_date":"2014-02-17 15:44:11","user_modification_date":null,"user_username":"asd","total_comment":"0"}]}</div><div style="clear:both;"></div>',) 
[2014-03-13 08:39:10] system.debug: --> Url Class Initialized  
[2014-03-13 08:39:10] system.debug: --> Auth Class Initialized  
[2014-03-13 08:39:10] system.debug: --> View Class Initialized  
[2014-03-13 08:39:10] system.debug: --> Config file loaded: /var/www/demo_blog/app/config/navbar.php  
[2014-03-13 08:39:10] system.debug: --> Request Class Initialized  
[2014-03-13 08:39:10] system.debug: --> View file loaded: /var/www/demo_blog/private/views/view/header.php  
[2014-03-13 08:39:10] system.debug: --> $_HVC: views / header / index array (  'time' => '0.0007',  'output' => '<br /><div style="float:left;"><div id="header"> <h1 class="logo"><a href="/home">Blog Demo</a></h1><div id="menu"><ul><li><a href="/home"   id="active"  >Home</a></li><li><a href="/about"   >About</a></li><li><a href="/contact"   >Contact</a></li></ul></div></div></div><div style="clear:both;"></div>',) 
[2014-03-13 08:39:10] system.debug: --> Url Class Initialized  
[2014-03-13 08:39:10] system.debug: --> Auth Class Initialized  
[2014-03-13 08:39:10] system.debug: --> View Class Initialized  
[2014-03-13 08:39:10] system.debug: --> Hvc Class Initialized  
[2014-03-13 08:39:10] system.debug: --> Request Class Initialized  
[2014-03-13 08:39:10] system.debug: --> Post Class Initialized  
[2014-03-13 08:39:10] system.debug: --> Db Class Initialized  
[2014-03-13 08:39:10] system.debug: --> Request Class Initialized  
[2014-03-13 08:39:10] system.debug: --> $_SQL ( Query ): array (  'time' => '0.0001',  'output' => 'SELECT * FROM comments WHERE comment_status = 0',) 
[2014-03-13 08:39:10] system.debug: --> $_HVC: comments / getcount / index array (  'time' => '0.0004',  'output' => '<br /><div style="float:left;">{"results":{"count":0}}</div><div style="clear:both;"></div>',) 
[2014-03-13 08:39:10] system.debug: --> View file loaded: /var/www/demo_blog/private/views/view/sidebar.php  
[2014-03-13 08:39:10] system.debug: --> $_HVC: views / sidebar / index array (  'time' => '0.0021',  'output' => '<br /><div style="float:left;"><div id="sidebar">         <div id="sidepaneluser">            <div class="sidebarheader">                <div id="block"></div>                <div id="tags">asd</div>            </div>            <div class="tags_panel">                <a href="/post/create">Create New Post</a> <br>                <a href="/post/manage">Manage Posts</a> <br>                <a href="/comment/display">Approve Comments</a>                <span class="approve_comments">                    ( 0 )                </span> <br>                                <a href="/membership/logout">Logout</a> <br>            </div>         </div>         <div id="sidepaneluser">                <div class="sidebarheader">            <div id="block"></div>            <div id="tags">Tags</div>        </div>        <div class="tags_a">            <a href="/tag/blog">blog</a>            <a href="/tag/test">test</a>        </div>     </div></div></div><div style="clear:both;"></div>',) 
[2014-03-13 08:39:10] system.debug: --> View file loaded: /var/www/demo_blog/app/templates/footer.php  
[2014-03-13 08:39:10] system.debug: --> View file loaded: /var/www/demo_blog/public/home/view/home.php  
[2014-03-13 08:39:10] system.debug: --> Form Class getNotice() Executed  
[2014-03-13 08:39:10] system.debug: --> Final output sent to browser array (  'memory' => '1,877,024 bytes',) 
[2014-03-13 08:39:11] system.debug: --> Config Class Initialized  
[2014-03-13 08:39:11] system.debug: --> Translator Class Initialized  
[2014-03-13 08:39:11] system.debug: --> Response Class Initialized  
[2014-03-13 08:39:11] system.debug: --> Uri Class Initialized  
[2014-03-13 08:39:11] system.debug: --> Router Class Initialized  
[2014-03-13 08:39:11] system.debug: --> Global POST and COOKIE data sanitized  
[2014-03-13 08:39:11] system.debug: --> $_REQUEST_URI: /home  
[2014-03-13 08:39:11] system.debug: --> $_COOKIE:  array (  'frm_session' => '3650g9f73b0tq65fr83s6o4nt5',  'frm_session_userdata' => 'a:4:{s:10:"session_id";s:0:"";s:10:"ip_address";s:9:"127.0.0.1";s:10:"user_agent";s:50:"Mozilla/5.0 (X11; Linux x86_64) AppleWebKit/537.36";s:13:"last_activity";i:1394699950;}e542863aed522944484f2c07f3d5729b',) 
[2014-03-13 08:39:11] system.debug: --> $_POST:   
[2014-03-13 08:39:11] system.debug: --> $_GET:   
[2014-03-13 08:39:11] system.debug: --> Post Class Initialized  
[2014-03-13 08:39:11] system.debug: --> Url Class Initialized  
[2014-03-13 08:39:11] system.debug: --> Html Class Initialized  
[2014-03-13 08:39:11] system.debug: --> Language file loaded: /var/www/demo_blog/app/translations/en_US/date_format.php  
[2014-03-13 08:39:11] system.debug: --> Date_Format Class Initialized  
[2014-03-13 08:39:11] system.debug: --> Url Class Initialized  
[2014-03-13 08:39:11] system.debug: --> Tag Cloud Class Initialized  
[2014-03-13 08:39:11] system.debug: --> View Class Initialized  
[2014-03-13 08:39:11] system.debug: --> Validator Class Initialized  
[2014-03-13 08:39:11] system.debug: --> Language file loaded: /var/www/demo_blog/app/translations/en_US/form.php  
[2014-03-13 08:39:11] system.debug: --> Form Class Initialized  
[2014-03-13 08:39:11] system.debug: --> Language file loaded: /var/www/demo_blog/app/translations/en_US/hvc.php  
[2014-03-13 08:39:11] system.debug: --> Hvc Class Initialized  
[2014-03-13 08:39:11] system.debug: --> Request Class Initialized  
[2014-03-13 08:39:11] system.debug: --> Session Native Driver Initialized  
[2014-03-13 08:39:11] system.debug: --> Session routines successfully run  
[2014-03-13 08:39:11] system.debug: --> Sess Class Initialized  
[2014-03-13 08:39:11] system.debug: --> $_SESSION:  array (  'captcha_id' =>   array (    'image_name' => '55d86bf5cde9533732b6678e80bff8be',    'code' => 'UDFXB',  ),  'session_id' => '',  'last_activity' => 1394699950,  'auth_hasIdentity' => 'yes',  'auth_user_username' => 'asd',  'auth_user_email' => 'eguvenc@gmail.com',  'auth_user_id' => '52',) 
[2014-03-13 08:39:11] system.debug: --> Auth Class Initialized  
[2014-03-13 08:39:11] system.debug: --> Public User Class Initialized  
[2014-03-13 08:39:11] system.debug: --> Db Class Initialized  
[2014-03-13 08:39:11] system.debug: --> Request Class Initialized  
[2014-03-13 08:39:11] system.debug: --> $_SQL ( Query ): array (  'time' => '0.0001',  'output' => '         SELECT *,         IFNULL((SELECT count(*) FROM comments          WHERE posts.post_id = comment_post_id AND comment_status = 1          GROUP BY posts.post_id LIMIT 1), 0) as total_comment          FROM (posts)          JOIN users ON user_id = post_user_id         WHERE `post_status` = \'Published\'         ',) 
[2014-03-13 08:39:11] system.debug: --> $_HVC: posts / getallhome / index array (  'time' => '0.0003',  'output' => '<br /><div style="float:left;">{"results":[{"post_id":"10","post_user_id":"52","post_title":"HELLLO","post_content":"dasdasdASDASD","post_tags":"blog","post_status":"Published","post_creation_date":"2014-03-02 13:45:00","post_modification_date":"2014-03-10 07:52:49","user_id":"52","user_email":"eguvenc@gmail.com","user_password":"$2y$10$XK2SY\\/ukm9L\\/WbwhCeG0Ku.cl0OSgScIPMqX26i6HxB1prGDBko5a","user_creation_date":"2014-02-17 15:44:11","user_modification_date":null,"user_username":"asd","total_comment":"0"}]}</div><div style="clear:both;"></div>',) 
[2014-03-13 08:39:11] system.debug: --> Url Class Initialized  
[2014-03-13 08:39:11] system.debug: --> Auth Class Initialized  
[2014-03-13 08:39:11] system.debug: --> View Class Initialized  
[2014-03-13 08:39:11] system.debug: --> Config file loaded: /var/www/demo_blog/app/config/navbar.php  
[2014-03-13 08:39:11] system.debug: --> Request Class Initialized  
[2014-03-13 08:39:11] system.debug: --> View file loaded: /var/www/demo_blog/private/views/view/header.php  
[2014-03-13 08:39:11] system.debug: --> $_HVC: views / header / index array (  'time' => '0.0008',  'output' => '<br /><div style="float:left;"><div id="header"> <h1 class="logo"><a href="/home">Blog Demo</a></h1><div id="menu"><ul><li><a href="/home"   id="active"  >Home</a></li><li><a href="/about"   >About</a></li><li><a href="/contact"   >Contact</a></li></ul></div></div></div><div style="clear:both;"></div>',) 
[2014-03-13 08:39:11] system.debug: --> Url Class Initialized  
[2014-03-13 08:39:11] system.debug: --> Auth Class Initialized  
[2014-03-13 08:39:11] system.debug: --> View Class Initialized  
[2014-03-13 08:39:11] system.debug: --> Hvc Class Initialized  
[2014-03-13 08:39:11] system.debug: --> Request Class Initialized  
[2014-03-13 08:39:11] system.debug: --> Post Class Initialized  
[2014-03-13 08:39:11] system.debug: --> Db Class Initialized  
[2014-03-13 08:39:11] system.debug: --> Request Class Initialized  
[2014-03-13 08:39:11] system.debug: --> $_SQL ( Query ): array (  'time' => '0.0001',  'output' => 'SELECT * FROM comments WHERE comment_status = 0',) 
[2014-03-13 08:39:11] system.debug: --> $_HVC: comments / getcount / index array (  'time' => '0.0002',  'output' => '<br /><div style="float:left;">{"results":{"count":0}}</div><div style="clear:both;"></div>',) 
[2014-03-13 08:39:11] system.debug: --> View file loaded: /var/www/demo_blog/private/views/view/sidebar.php  
[2014-03-13 08:39:11] system.debug: --> $_HVC: views / sidebar / index array (  'time' => '0.0016',  'output' => '<br /><div style="float:left;"><div id="sidebar">         <div id="sidepaneluser">            <div class="sidebarheader">                <div id="block"></div>                <div id="tags">asd</div>            </div>            <div class="tags_panel">                <a href="/post/create">Create New Post</a> <br>                <a href="/post/manage">Manage Posts</a> <br>                <a href="/comment/display">Approve Comments</a>                <span class="approve_comments">                    ( 0 )                </span> <br>                                <a href="/membership/logout">Logout</a> <br>            </div>         </div>         <div id="sidepaneluser">                <div class="sidebarheader">            <div id="block"></div>            <div id="tags">Tags</div>        </div>        <div class="tags_a">            <a href="/tag/blog">blog</a>            <a href="/tag/test">test</a>        </div>     </div></div></div><div style="clear:both;"></div>',) 
[2014-03-13 08:39:11] system.debug: --> View file loaded: /var/www/demo_blog/app/templates/footer.php  
[2014-03-13 08:39:11] system.debug: --> View file loaded: /var/www/demo_blog/public/home/view/home.php  
[2014-03-13 08:39:11] system.debug: --> Form Class getNotice() Executed  
[2014-03-13 08:39:11] system.debug: --> Final output sent to browser array (  'memory' => '1,876,368 bytes',) 
[2014-03-13 08:39:11] system.debug: --> Config Class Initialized  
[2014-03-13 08:39:11] system.debug: --> Translator Class Initialized  
[2014-03-13 08:39:11] system.debug: --> Response Class Initialized  
[2014-03-13 08:39:11] system.debug: --> Uri Class Initialized  
[2014-03-13 08:39:11] system.debug: --> Router Class Initialized  
[2014-03-13 08:39:11] system.debug: --> Global POST and COOKIE data sanitized  
[2014-03-13 08:39:11] system.debug: --> $_REQUEST_URI: /home  
[2014-03-13 08:39:11] system.debug: --> $_COOKIE:  array (  'frm_session' => '3650g9f73b0tq65fr83s6o4nt5',  'frm_session_userdata' => 'a:4:{s:10:"session_id";s:0:"";s:10:"ip_address";s:9:"127.0.0.1";s:10:"user_agent";s:50:"Mozilla/5.0 (X11; Linux x86_64) AppleWebKit/537.36";s:13:"last_activity";i:1394699950;}e542863aed522944484f2c07f3d5729b',) 
[2014-03-13 08:39:11] system.debug: --> $_POST:   
[2014-03-13 08:39:11] system.debug: --> $_GET:   
[2014-03-13 08:39:11] system.debug: --> Post Class Initialized  
[2014-03-13 08:39:11] system.debug: --> Url Class Initialized  
[2014-03-13 08:39:11] system.debug: --> Html Class Initialized  
[2014-03-13 08:39:11] system.debug: --> Language file loaded: /var/www/demo_blog/app/translations/en_US/date_format.php  
[2014-03-13 08:39:11] system.debug: --> Date_Format Class Initialized  
[2014-03-13 08:39:11] system.debug: --> Url Class Initialized  
[2014-03-13 08:39:11] system.debug: --> Tag Cloud Class Initialized  
[2014-03-13 08:39:11] system.debug: --> View Class Initialized  
[2014-03-13 08:39:11] system.debug: --> Validator Class Initialized  
[2014-03-13 08:39:11] system.debug: --> Language file loaded: /var/www/demo_blog/app/translations/en_US/form.php  
[2014-03-13 08:39:11] system.debug: --> Form Class Initialized  
[2014-03-13 08:39:11] system.debug: --> Language file loaded: /var/www/demo_blog/app/translations/en_US/hvc.php  
[2014-03-13 08:39:11] system.debug: --> Hvc Class Initialized  
[2014-03-13 08:39:11] system.debug: --> Request Class Initialized  
[2014-03-13 08:39:11] system.debug: --> Session Native Driver Initialized  
[2014-03-13 08:39:11] system.debug: --> Session routines successfully run  
[2014-03-13 08:39:11] system.debug: --> Sess Class Initialized  
[2014-03-13 08:39:11] system.debug: --> $_SESSION:  array (  'captcha_id' =>   array (    'image_name' => '55d86bf5cde9533732b6678e80bff8be',    'code' => 'UDFXB',  ),  'session_id' => '',  'last_activity' => 1394699950,  'auth_hasIdentity' => 'yes',  'auth_user_username' => 'asd',  'auth_user_email' => 'eguvenc@gmail.com',  'auth_user_id' => '52',) 
[2014-03-13 08:39:11] system.debug: --> Auth Class Initialized  
[2014-03-13 08:39:11] system.debug: --> Public User Class Initialized  
[2014-03-13 08:39:11] system.debug: --> Db Class Initialized  
[2014-03-13 08:39:11] system.debug: --> Request Class Initialized  
[2014-03-13 08:39:11] system.debug: --> $_SQL ( Query ): array (  'time' => '0.0001',  'output' => '         SELECT *,         IFNULL((SELECT count(*) FROM comments          WHERE posts.post_id = comment_post_id AND comment_status = 1          GROUP BY posts.post_id LIMIT 1), 0) as total_comment          FROM (posts)          JOIN users ON user_id = post_user_id         WHERE `post_status` = \'Published\'         ',) 
[2014-03-13 08:39:11] system.debug: --> $_HVC: posts / getallhome / index array (  'time' => '0.0003',  'output' => '<br /><div style="float:left;">{"results":[{"post_id":"10","post_user_id":"52","post_title":"HELLLO","post_content":"dasdasdASDASD","post_tags":"blog","post_status":"Published","post_creation_date":"2014-03-02 13:45:00","post_modification_date":"2014-03-10 07:52:49","user_id":"52","user_email":"eguvenc@gmail.com","user_password":"$2y$10$XK2SY\\/ukm9L\\/WbwhCeG0Ku.cl0OSgScIPMqX26i6HxB1prGDBko5a","user_creation_date":"2014-02-17 15:44:11","user_modification_date":null,"user_username":"asd","total_comment":"0"}]}</div><div style="clear:both;"></div>',) 
[2014-03-13 08:39:11] system.debug: --> Url Class Initialized  
[2014-03-13 08:39:11] system.debug: --> Auth Class Initialized  
[2014-03-13 08:39:11] system.debug: --> View Class Initialized  
[2014-03-13 08:39:11] system.debug: --> Config file loaded: /var/www/demo_blog/app/config/navbar.php  
[2014-03-13 08:39:11] system.debug: --> Request Class Initialized  
[2014-03-13 08:39:11] system.debug: --> View file loaded: /var/www/demo_blog/private/views/view/header.php  
[2014-03-13 08:39:11] system.debug: --> $_HVC: views / header / index array (  'time' => '0.0008',  'output' => '<br /><div style="float:left;"><div id="header"> <h1 class="logo"><a href="/home">Blog Demo</a></h1><div id="menu"><ul><li><a href="/home"   id="active"  >Home</a></li><li><a href="/about"   >About</a></li><li><a href="/contact"   >Contact</a></li></ul></div></div></div><div style="clear:both;"></div>',) 
[2014-03-13 08:39:11] system.debug: --> Url Class Initialized  
[2014-03-13 08:39:11] system.debug: --> Auth Class Initialized  
[2014-03-13 08:39:11] system.debug: --> View Class Initialized  
[2014-03-13 08:39:11] system.debug: --> Hvc Class Initialized  
[2014-03-13 08:39:11] system.debug: --> Request Class Initialized  
[2014-03-13 08:39:11] system.debug: --> Post Class Initialized  
[2014-03-13 08:39:11] system.debug: --> Db Class Initialized  
[2014-03-13 08:39:11] system.debug: --> Request Class Initialized  
[2014-03-13 08:39:11] system.debug: --> $_SQL ( Query ): array (  'time' => '0.0001',  'output' => 'SELECT * FROM comments WHERE comment_status = 0',) 
[2014-03-13 08:39:11] system.debug: --> $_HVC: comments / getcount / index array (  'time' => '0.0003',  'output' => '<br /><div style="float:left;">{"results":{"count":0}}</div><div style="clear:both;"></div>',) 
[2014-03-13 08:39:11] system.debug: --> View file loaded: /var/www/demo_blog/private/views/view/sidebar.php  
[2014-03-13 08:39:11] system.debug: --> $_HVC: views / sidebar / index array (  'time' => '0.0020',  'output' => '<br /><div style="float:left;"><div id="sidebar">         <div id="sidepaneluser">            <div class="sidebarheader">                <div id="block"></div>                <div id="tags">asd</div>            </div>            <div class="tags_panel">                <a href="/post/create">Create New Post</a> <br>                <a href="/post/manage">Manage Posts</a> <br>                <a href="/comment/display">Approve Comments</a>                <span class="approve_comments">                    ( 0 )                </span> <br>                                <a href="/membership/logout">Logout</a> <br>            </div>         </div>         <div id="sidepaneluser">                <div class="sidebarheader">            <div id="block"></div>            <div id="tags">Tags</div>        </div>        <div class="tags_a">            <a href="/tag/blog">blog</a>            <a href="/tag/test">test</a>        </div>     </div></div></div><div style="clear:both;"></div>',) 
[2014-03-13 08:39:11] system.debug: --> View file loaded: /var/www/demo_blog/app/templates/footer.php  
[2014-03-13 08:39:11] system.debug: --> View file loaded: /var/www/demo_blog/public/home/view/home.php  
[2014-03-13 08:39:11] system.debug: --> Form Class getNotice() Executed  
[2014-03-13 08:39:11] system.debug: --> Final output sent to browser array (  'memory' => '1,876,368 bytes',) 
[2014-03-13 08:39:28] system.debug: --> Config Class Initialized  
[2014-03-13 08:39:28] system.debug: --> Translator Class Initialized  
[2014-03-13 08:39:28] system.debug: --> Response Class Initialized  
[2014-03-13 08:39:28] system.debug: --> Uri Class Initialized  
[2014-03-13 08:39:28] system.debug: --> Router Class Initialized  
[2014-03-13 08:39:28] system.debug: --> Global POST and COOKIE data sanitized  
[2014-03-13 08:39:28] system.debug: --> $_REQUEST_URI: /home  
[2014-03-13 08:39:28] system.debug: --> $_COOKIE:  array (  'frm_session' => '3650g9f73b0tq65fr83s6o4nt5',  'frm_session_userdata' => 'a:4:{s:10:"session_id";s:0:"";s:10:"ip_address";s:9:"127.0.0.1";s:10:"user_agent";s:50:"Mozilla/5.0 (X11; Linux x86_64) AppleWebKit/537.36";s:13:"last_activity";i:1394699950;}e542863aed522944484f2c07f3d5729b',) 
[2014-03-13 08:39:28] system.debug: --> $_POST:   
[2014-03-13 08:39:28] system.debug: --> $_GET:   
[2014-03-13 08:39:28] system.debug: --> Post Class Initialized  
[2014-03-13 08:39:28] system.debug: --> Url Class Initialized  
[2014-03-13 08:39:28] system.debug: --> Html Class Initialized  
[2014-03-13 08:39:28] system.debug: --> Language file loaded: /var/www/demo_blog/app/translations/en_US/date_format.php  
[2014-03-13 08:39:28] system.debug: --> Date_Format Class Initialized  
[2014-03-13 08:39:28] system.debug: --> Url Class Initialized  
[2014-03-13 08:39:28] system.debug: --> Tag Cloud Class Initialized  
[2014-03-13 08:39:28] system.debug: --> View Class Initialized  
[2014-03-13 08:39:28] system.debug: --> Validator Class Initialized  
[2014-03-13 08:39:28] system.debug: --> Language file loaded: /var/www/demo_blog/app/translations/en_US/form.php  
[2014-03-13 08:39:28] system.debug: --> Form Class Initialized  
[2014-03-13 08:39:28] system.debug: --> Language file loaded: /var/www/demo_blog/app/translations/en_US/hvc.php  
[2014-03-13 08:39:28] system.debug: --> Hvc Class Initialized  
[2014-03-13 08:39:28] system.debug: --> Request Class Initialized  
[2014-03-13 08:39:28] system.debug: --> Session Native Driver Initialized  
[2014-03-13 08:39:28] system.debug: --> Session routines successfully run  
[2014-03-13 08:39:28] system.debug: --> Sess Class Initialized  
[2014-03-13 08:39:28] system.debug: --> $_SESSION:  array (  'captcha_id' =>   array (    'image_name' => '55d86bf5cde9533732b6678e80bff8be',    'code' => 'UDFXB',  ),  'session_id' => '',  'last_activity' => 1394699968,  'auth_hasIdentity' => 'yes',  'auth_user_username' => 'asd',  'auth_user_email' => 'eguvenc@gmail.com',  'auth_user_id' => '52',) 
[2014-03-13 08:39:28] system.debug: --> Auth Class Initialized  
[2014-03-13 08:39:28] system.debug: --> Public User Class Initialized  
[2014-03-13 08:39:28] system.debug: --> Db Class Initialized  
[2014-03-13 08:39:28] system.debug: --> Request Class Initialized  
[2014-03-13 08:39:28] system.debug: --> $_SQL ( Query ): array (  'time' => '0.0001',  'output' => '         SELECT *,         IFNULL((SELECT count(*) FROM comments          WHERE posts.post_id = comment_post_id AND comment_status = 1          GROUP BY posts.post_id LIMIT 1), 0) as total_comment          FROM (posts)          JOIN users ON user_id = post_user_id         WHERE `post_status` = \'Published\'         ',) 
[2014-03-13 08:39:28] system.debug: --> $_HVC: posts / getallhome / index array (  'time' => '0.0003',  'output' => '<br /><div style="float:left;">{"results":[{"post_id":"10","post_user_id":"52","post_title":"HELLLO","post_content":"dasdasdASDASD","post_tags":"blog","post_status":"Published","post_creation_date":"2014-03-02 13:45:00","post_modification_date":"2014-03-10 07:52:49","user_id":"52","user_email":"eguvenc@gmail.com","user_password":"$2y$10$XK2SY\\/ukm9L\\/WbwhCeG0Ku.cl0OSgScIPMqX26i6HxB1prGDBko5a","user_creation_date":"2014-02-17 15:44:11","user_modification_date":null,"user_username":"asd","total_comment":"0"}]}</div><div style="clear:both;"></div>',) 
[2014-03-13 08:39:28] system.debug: --> Url Class Initialized  
[2014-03-13 08:39:28] system.debug: --> Auth Class Initialized  
[2014-03-13 08:39:28] system.debug: --> View Class Initialized  
[2014-03-13 08:39:28] system.debug: --> Config file loaded: /var/www/demo_blog/app/config/navbar.php  
[2014-03-13 08:39:28] system.debug: --> Request Class Initialized  
[2014-03-13 08:39:28] system.debug: --> View file loaded: /var/www/demo_blog/private/views/view/header.php  
[2014-03-13 08:39:28] system.debug: --> $_HVC: views / header / index array (  'time' => '0.0007',  'output' => '<br /><div style="float:left;"><div id="header"> <h1 class="logo"><a href="/home">Blog Demo</a></h1><div id="menu"><ul><li><a href="/home"   id="active"  >Home</a></li><li><a href="/about"   >About</a></li><li><a href="/contact"   >Contact</a></li></ul></div></div></div><div style="clear:both;"></div>',) 
[2014-03-13 08:39:28] system.debug: --> Url Class Initialized  
[2014-03-13 08:39:28] system.debug: --> Auth Class Initialized  
[2014-03-13 08:39:28] system.debug: --> View Class Initialized  
[2014-03-13 08:39:28] system.debug: --> Hvc Class Initialized  
[2014-03-13 08:39:28] system.debug: --> Request Class Initialized  
[2014-03-13 08:39:28] system.debug: --> Post Class Initialized  
[2014-03-13 08:39:28] system.debug: --> Db Class Initialized  
[2014-03-13 08:39:28] system.debug: --> Request Class Initialized  
[2014-03-13 08:39:28] system.debug: --> $_SQL ( Query ): array (  'time' => '0.0001',  'output' => 'SELECT * FROM comments WHERE comment_status = 0',) 
[2014-03-13 08:39:28] system.debug: --> $_HVC: comments / getcount / index array (  'time' => '0.0004',  'output' => '<br /><div style="float:left;">{"results":{"count":0}}</div><div style="clear:both;"></div>',) 
[2014-03-13 08:39:28] system.debug: --> View file loaded: /var/www/demo_blog/private/views/view/sidebar.php  
[2014-03-13 08:39:28] system.debug: --> $_HVC: views / sidebar / index array (  'time' => '0.0020',  'output' => '<br /><div style="float:left;"><div id="sidebar">         <div id="sidepaneluser">            <div class="sidebarheader">                <div id="block"></div>                <div id="tags">asd</div>            </div>            <div class="tags_panel">                <a href="/post/create">Create New Post</a> <br>                <a href="/post/manage">Manage Posts</a> <br>                <a href="/comment/display">Approve Comments</a>                <span class="approve_comments">                    ( 0 )                </span> <br>                                <a href="/membership/logout">Logout</a> <br>            </div>         </div>         <div id="sidepaneluser">                <div class="sidebarheader">            <div id="block"></div>            <div id="tags">Tags</div>        </div>        <div class="tags_a">            <a href="/tag/blog">blog</a>            <a href="/tag/test">test</a>        </div>     </div></div></div><div style="clear:both;"></div>',) 
[2014-03-13 08:39:28] system.debug: --> View file loaded: /var/www/demo_blog/app/templates/footer.php  
[2014-03-13 08:39:28] system.debug: --> View file loaded: /var/www/demo_blog/public/home/view/home.php  
[2014-03-13 08:39:28] system.debug: --> Form Class getNotice() Executed  
[2014-03-13 08:39:28] system.debug: --> Final output sent to browser array (  'memory' => '1,877,024 bytes',) 
[2014-03-13 08:39:29] system.debug: --> Config Class Initialized  
[2014-03-13 08:39:29] system.debug: --> Translator Class Initialized  
[2014-03-13 08:39:29] system.debug: --> Response Class Initialized  
[2014-03-13 08:39:29] system.debug: --> Uri Class Initialized  
[2014-03-13 08:39:29] system.debug: --> Router Class Initialized  
[2014-03-13 08:39:29] system.debug: --> Global POST and COOKIE data sanitized  
[2014-03-13 08:39:29] system.debug: --> $_REQUEST_URI: /home  
[2014-03-13 08:39:29] system.debug: --> $_COOKIE:  array (  'frm_session' => '3650g9f73b0tq65fr83s6o4nt5',  'frm_session_userdata' => 'a:4:{s:10:"session_id";s:0:"";s:10:"ip_address";s:9:"127.0.0.1";s:10:"user_agent";s:50:"Mozilla/5.0 (X11; Linux x86_64) AppleWebKit/537.36";s:13:"last_activity";i:1394699968;}4854a896b1a533e808026dbed70b6870',) 
[2014-03-13 08:39:29] system.debug: --> $_POST:   
[2014-03-13 08:39:29] system.debug: --> $_GET:   
[2014-03-13 08:39:29] system.debug: --> Post Class Initialized  
[2014-03-13 08:39:29] system.debug: --> Url Class Initialized  
[2014-03-13 08:39:29] system.debug: --> Html Class Initialized  
[2014-03-13 08:39:29] system.debug: --> Language file loaded: /var/www/demo_blog/app/translations/en_US/date_format.php  
[2014-03-13 08:39:29] system.debug: --> Date_Format Class Initialized  
[2014-03-13 08:39:29] system.debug: --> Url Class Initialized  
[2014-03-13 08:39:29] system.debug: --> Tag Cloud Class Initialized  
[2014-03-13 08:39:29] system.debug: --> View Class Initialized  
[2014-03-13 08:39:29] system.debug: --> Validator Class Initialized  
[2014-03-13 08:39:29] system.debug: --> Language file loaded: /var/www/demo_blog/app/translations/en_US/form.php  
[2014-03-13 08:39:29] system.debug: --> Form Class Initialized  
[2014-03-13 08:39:29] system.debug: --> Language file loaded: /var/www/demo_blog/app/translations/en_US/hvc.php  
[2014-03-13 08:39:29] system.debug: --> Hvc Class Initialized  
[2014-03-13 08:39:29] system.debug: --> Request Class Initialized  
[2014-03-13 08:39:29] system.debug: --> Session Native Driver Initialized  
[2014-03-13 08:39:29] system.debug: --> Session routines successfully run  
[2014-03-13 08:39:29] system.debug: --> Sess Class Initialized  
[2014-03-13 08:39:29] system.debug: --> $_SESSION:  array (  'captcha_id' =>   array (    'image_name' => '55d86bf5cde9533732b6678e80bff8be',    'code' => 'UDFXB',  ),  'session_id' => '',  'last_activity' => 1394699968,  'auth_hasIdentity' => 'yes',  'auth_user_username' => 'asd',  'auth_user_email' => 'eguvenc@gmail.com',  'auth_user_id' => '52',) 
[2014-03-13 08:39:29] system.debug: --> Auth Class Initialized  
[2014-03-13 08:39:29] system.debug: --> Public User Class Initialized  
[2014-03-13 08:39:29] system.debug: --> Db Class Initialized  
[2014-03-13 08:39:29] system.debug: --> Request Class Initialized  
[2014-03-13 08:39:29] system.debug: --> $_SQL ( Query ): array (  'time' => '0.0001',  'output' => '         SELECT *,         IFNULL((SELECT count(*) FROM comments          WHERE posts.post_id = comment_post_id AND comment_status = 1          GROUP BY posts.post_id LIMIT 1), 0) as total_comment          FROM (posts)          JOIN users ON user_id = post_user_id         WHERE `post_status` = \'Published\'         ',) 
[2014-03-13 08:39:29] system.debug: --> $_HVC: posts / getallhome / index array (  'time' => '0.0003',  'output' => '<br /><div style="float:left;">{"results":[{"post_id":"10","post_user_id":"52","post_title":"HELLLO","post_content":"dasdasdASDASD","post_tags":"blog","post_status":"Published","post_creation_date":"2014-03-02 13:45:00","post_modification_date":"2014-03-10 07:52:49","user_id":"52","user_email":"eguvenc@gmail.com","user_password":"$2y$10$XK2SY\\/ukm9L\\/WbwhCeG0Ku.cl0OSgScIPMqX26i6HxB1prGDBko5a","user_creation_date":"2014-02-17 15:44:11","user_modification_date":null,"user_username":"asd","total_comment":"0"}]}</div><div style="clear:both;"></div>',) 
[2014-03-13 08:39:29] system.debug: --> Url Class Initialized  
[2014-03-13 08:39:29] system.debug: --> Auth Class Initialized  
[2014-03-13 08:39:29] system.debug: --> View Class Initialized  
[2014-03-13 08:39:29] system.debug: --> Config file loaded: /var/www/demo_blog/app/config/navbar.php  
[2014-03-13 08:39:29] system.debug: --> Request Class Initialized  
[2014-03-13 08:39:29] system.debug: --> View file loaded: /var/www/demo_blog/private/views/view/header.php  
[2014-03-13 08:39:29] system.debug: --> $_HVC: views / header / index array (  'time' => '0.0006',  'output' => '<br /><div style="float:left;"><div id="header"> <h1 class="logo"><a href="/home">Blog Demo</a></h1><div id="menu"><ul><li><a href="/home"   id="active"  >Home</a></li><li><a href="/about"   >About</a></li><li><a href="/contact"   >Contact</a></li></ul></div></div></div><div style="clear:both;"></div>',) 
[2014-03-13 08:39:29] system.debug: --> Url Class Initialized  
[2014-03-13 08:39:29] system.debug: --> Auth Class Initialized  
[2014-03-13 08:39:29] system.debug: --> View Class Initialized  
[2014-03-13 08:39:29] system.debug: --> Hvc Class Initialized  
[2014-03-13 08:39:29] system.debug: --> Request Class Initialized  
[2014-03-13 08:39:29] system.debug: --> Post Class Initialized  
[2014-03-13 08:39:29] system.debug: --> Db Class Initialized  
[2014-03-13 08:39:29] system.debug: --> Request Class Initialized  
[2014-03-13 08:39:29] system.debug: --> $_SQL ( Query ): array (  'time' => '0.0001',  'output' => 'SELECT * FROM comments WHERE comment_status = 0',) 
[2014-03-13 08:39:29] system.debug: --> $_HVC: comments / getcount / index array (  'time' => '0.0002',  'output' => '<br /><div style="float:left;">{"results":{"count":0}}</div><div style="clear:both;"></div>',) 
[2014-03-13 08:39:29] system.debug: --> View file loaded: /var/www/demo_blog/private/views/view/sidebar.php  
[2014-03-13 08:39:29] system.debug: --> $_HVC: views / sidebar / index array (  'time' => '0.0019',  'output' => '<br /><div style="float:left;"><div id="sidebar">         <div id="sidepaneluser">            <div class="sidebarheader">                <div id="block"></div>                <div id="tags">asd</div>            </div>            <div class="tags_panel">                <a href="/post/create">Create New Post</a> <br>                <a href="/post/manage">Manage Posts</a> <br>                <a href="/comment/display">Approve Comments</a>                <span class="approve_comments">                    ( 0 )                </span> <br>                                <a href="/membership/logout">Logout</a> <br>            </div>         </div>         <div id="sidepaneluser">                <div class="sidebarheader">            <div id="block"></div>            <div id="tags">Tags</div>        </div>        <div class="tags_a">            <a href="/tag/blog">blog</a>            <a href="/tag/test">test</a>        </div>     </div></div></div><div style="clear:both;"></div>',) 
[2014-03-13 08:39:29] system.debug: --> View file loaded: /var/www/demo_blog/app/templates/footer.php  
[2014-03-13 08:39:29] system.debug: --> View file loaded: /var/www/demo_blog/public/home/view/home.php  
[2014-03-13 08:39:29] system.debug: --> Form Class getNotice() Executed  
[2014-03-13 08:39:29] system.debug: --> Final output sent to browser array (  'memory' => '1,876,368 bytes',) 
[2014-03-13 08:39:29] system.debug: --> Config Class Initialized  
[2014-03-13 08:39:29] system.debug: --> Translator Class Initialized  
[2014-03-13 08:39:29] system.debug: --> Response Class Initialized  
[2014-03-13 08:39:29] system.debug: --> Uri Class Initialized  
[2014-03-13 08:39:29] system.debug: --> Router Class Initialized  
[2014-03-13 08:39:29] system.debug: --> Global POST and COOKIE data sanitized  
[2014-03-13 08:39:29] system.debug: --> $_REQUEST_URI: /home  
[2014-03-13 08:39:29] system.debug: --> $_COOKIE:  array (  'frm_session' => '3650g9f73b0tq65fr83s6o4nt5',  'frm_session_userdata' => 'a:4:{s:10:"session_id";s:0:"";s:10:"ip_address";s:9:"127.0.0.1";s:10:"user_agent";s:50:"Mozilla/5.0 (X11; Linux x86_64) AppleWebKit/537.36";s:13:"last_activity";i:1394699968;}4854a896b1a533e808026dbed70b6870',) 
[2014-03-13 08:39:29] system.debug: --> $_POST:   
[2014-03-13 08:39:29] system.debug: --> $_GET:   
[2014-03-13 08:39:29] system.debug: --> Post Class Initialized  
[2014-03-13 08:39:29] system.debug: --> Url Class Initialized  
[2014-03-13 08:39:29] system.debug: --> Html Class Initialized  
[2014-03-13 08:39:29] system.debug: --> Language file loaded: /var/www/demo_blog/app/translations/en_US/date_format.php  
[2014-03-13 08:39:29] system.debug: --> Date_Format Class Initialized  
[2014-03-13 08:39:29] system.debug: --> Url Class Initialized  
[2014-03-13 08:39:29] system.debug: --> Tag Cloud Class Initialized  
[2014-03-13 08:39:29] system.debug: --> View Class Initialized  
[2014-03-13 08:39:29] system.debug: --> Validator Class Initialized  
[2014-03-13 08:39:29] system.debug: --> Language file loaded: /var/www/demo_blog/app/translations/en_US/form.php  
[2014-03-13 08:39:29] system.debug: --> Form Class Initialized  
[2014-03-13 08:39:29] system.debug: --> Language file loaded: /var/www/demo_blog/app/translations/en_US/hvc.php  
[2014-03-13 08:39:29] system.debug: --> Hvc Class Initialized  
[2014-03-13 08:39:29] system.debug: --> Request Class Initialized  
[2014-03-13 08:39:29] system.debug: --> Session Native Driver Initialized  
[2014-03-13 08:39:29] system.debug: --> Session routines successfully run  
[2014-03-13 08:39:29] system.debug: --> Sess Class Initialized  
[2014-03-13 08:39:29] system.debug: --> $_SESSION:  array (  'captcha_id' =>   array (    'image_name' => '55d86bf5cde9533732b6678e80bff8be',    'code' => 'UDFXB',  ),  'session_id' => '',  'last_activity' => 1394699968,  'auth_hasIdentity' => 'yes',  'auth_user_username' => 'asd',  'auth_user_email' => 'eguvenc@gmail.com',  'auth_user_id' => '52',) 
[2014-03-13 08:39:29] system.debug: --> Auth Class Initialized  
[2014-03-13 08:39:29] system.debug: --> Public User Class Initialized  
[2014-03-13 08:39:29] system.debug: --> Db Class Initialized  
[2014-03-13 08:39:29] system.debug: --> Request Class Initialized  
[2014-03-13 08:39:29] system.debug: --> $_SQL ( Query ): array (  'time' => '0.0001',  'output' => '         SELECT *,         IFNULL((SELECT count(*) FROM comments          WHERE posts.post_id = comment_post_id AND comment_status = 1          GROUP BY posts.post_id LIMIT 1), 0) as total_comment          FROM (posts)          JOIN users ON user_id = post_user_id         WHERE `post_status` = \'Published\'         ',) 
[2014-03-13 08:39:29] system.debug: --> $_HVC: posts / getallhome / index array (  'time' => '0.0003',  'output' => '<br /><div style="float:left;">{"results":[{"post_id":"10","post_user_id":"52","post_title":"HELLLO","post_content":"dasdasdASDASD","post_tags":"blog","post_status":"Published","post_creation_date":"2014-03-02 13:45:00","post_modification_date":"2014-03-10 07:52:49","user_id":"52","user_email":"eguvenc@gmail.com","user_password":"$2y$10$XK2SY\\/ukm9L\\/WbwhCeG0Ku.cl0OSgScIPMqX26i6HxB1prGDBko5a","user_creation_date":"2014-02-17 15:44:11","user_modification_date":null,"user_username":"asd","total_comment":"0"}]}</div><div style="clear:both;"></div>',) 
[2014-03-13 08:39:29] system.debug: --> Url Class Initialized  
[2014-03-13 08:39:29] system.debug: --> Auth Class Initialized  
[2014-03-13 08:39:29] system.debug: --> View Class Initialized  
[2014-03-13 08:39:29] system.debug: --> Config file loaded: /var/www/demo_blog/app/config/navbar.php  
[2014-03-13 08:39:29] system.debug: --> Request Class Initialized  
[2014-03-13 08:39:29] system.debug: --> View file loaded: /var/www/demo_blog/private/views/view/header.php  
[2014-03-13 08:39:29] system.debug: --> $_HVC: views / header / index array (  'time' => '0.0006',  'output' => '<br /><div style="float:left;"><div id="header"> <h1 class="logo"><a href="/home">Blog Demo</a></h1><div id="menu"><ul><li><a href="/home"   id="active"  >Home</a></li><li><a href="/about"   >About</a></li><li><a href="/contact"   >Contact</a></li></ul></div></div></div><div style="clear:both;"></div>',) 
[2014-03-13 08:39:29] system.debug: --> Url Class Initialized  
[2014-03-13 08:39:29] system.debug: --> Auth Class Initialized  
[2014-03-13 08:39:29] system.debug: --> View Class Initialized  
[2014-03-13 08:39:29] system.debug: --> Hvc Class Initialized  
[2014-03-13 08:39:29] system.debug: --> Request Class Initialized  
[2014-03-13 08:39:29] system.debug: --> Post Class Initialized  
[2014-03-13 08:39:29] system.debug: --> Db Class Initialized  
[2014-03-13 08:39:29] system.debug: --> Request Class Initialized  
[2014-03-13 08:39:29] system.debug: --> $_SQL ( Query ): array (  'time' => '0.0001',  'output' => 'SELECT * FROM comments WHERE comment_status = 0',) 
[2014-03-13 08:39:29] system.debug: --> $_HVC: comments / getcount / index array (  'time' => '0.0004',  'output' => '<br /><div style="float:left;">{"results":{"count":0}}</div><div style="clear:both;"></div>',) 
[2014-03-13 08:39:29] system.debug: --> View file loaded: /var/www/demo_blog/private/views/view/sidebar.php  
[2014-03-13 08:39:29] system.debug: --> $_HVC: views / sidebar / index array (  'time' => '0.0018',  'output' => '<br /><div style="float:left;"><div id="sidebar">         <div id="sidepaneluser">            <div class="sidebarheader">                <div id="block"></div>                <div id="tags">asd</div>            </div>            <div class="tags_panel">                <a href="/post/create">Create New Post</a> <br>                <a href="/post/manage">Manage Posts</a> <br>                <a href="/comment/display">Approve Comments</a>                <span class="approve_comments">                    ( 0 )                </span> <br>                                <a href="/membership/logout">Logout</a> <br>            </div>         </div>         <div id="sidepaneluser">                <div class="sidebarheader">            <div id="block"></div>            <div id="tags">Tags</div>        </div>        <div class="tags_a">            <a href="/tag/blog">blog</a>            <a href="/tag/test">test</a>        </div>     </div></div></div><div style="clear:both;"></div>',) 
[2014-03-13 08:39:29] system.debug: --> View file loaded: /var/www/demo_blog/app/templates/footer.php  
[2014-03-13 08:39:29] system.debug: --> View file loaded: /var/www/demo_blog/public/home/view/home.php  
[2014-03-13 08:39:29] system.debug: --> Form Class getNotice() Executed  
[2014-03-13 08:39:29] system.debug: --> Final output sent to browser array (  'memory' => '1,876,368 bytes',) 
[2014-03-13 08:39:51] system.debug: --> Config Class Initialized  
[2014-03-13 08:39:51] system.debug: --> Translator Class Initialized  
[2014-03-13 08:39:51] system.debug: --> Response Class Initialized  
[2014-03-13 08:39:51] system.debug: --> Uri Class Initialized  
[2014-03-13 08:39:51] system.debug: --> Router Class Initialized  
[2014-03-13 08:39:51] system.debug: --> Global POST and COOKIE data sanitized  
[2014-03-13 08:39:51] system.debug: --> $_REQUEST_URI: /home  
[2014-03-13 08:39:51] system.debug: --> $_COOKIE:  array (  'frm_session' => '3650g9f73b0tq65fr83s6o4nt5',  'frm_session_userdata' => 'a:4:{s:10:"session_id";s:0:"";s:10:"ip_address";s:9:"127.0.0.1";s:10:"user_agent";s:50:"Mozilla/5.0 (X11; Linux x86_64) AppleWebKit/537.36";s:13:"last_activity";i:1394699968;}4854a896b1a533e808026dbed70b6870',) 
[2014-03-13 08:39:51] system.debug: --> $_POST:   
[2014-03-13 08:39:51] system.debug: --> $_GET:   
[2014-03-13 08:39:51] system.debug: --> Post Class Initialized  
[2014-03-13 08:39:51] system.debug: --> Url Class Initialized  
[2014-03-13 08:39:51] system.debug: --> Html Class Initialized  
[2014-03-13 08:39:51] system.debug: --> Language file loaded: /var/www/demo_blog/app/translations/en_US/date_format.php  
[2014-03-13 08:39:51] system.debug: --> Date_Format Class Initialized  
[2014-03-13 08:39:51] system.debug: --> Url Class Initialized  
[2014-03-13 08:39:51] system.debug: --> Tag Cloud Class Initialized  
[2014-03-13 08:39:51] system.debug: --> View Class Initialized  
[2014-03-13 08:39:51] system.debug: --> Validator Class Initialized  
[2014-03-13 08:39:51] system.debug: --> Language file loaded: /var/www/demo_blog/app/translations/en_US/form.php  
[2014-03-13 08:39:51] system.debug: --> Form Class Initialized  
[2014-03-13 08:39:51] system.debug: --> Language file loaded: /var/www/demo_blog/app/translations/en_US/hvc.php  
[2014-03-13 08:39:51] system.debug: --> Hvc Class Initialized  
[2014-03-13 08:39:51] system.debug: --> Request Class Initialized  
[2014-03-13 08:39:51] system.debug: --> Session Native Driver Initialized  
[2014-03-13 08:39:51] system.debug: --> Session routines successfully run  
[2014-03-13 08:39:51] system.debug: --> Sess Class Initialized  
[2014-03-13 08:39:51] system.debug: --> $_SESSION:  array (  'captcha_id' =>   array (    'image_name' => '55d86bf5cde9533732b6678e80bff8be',    'code' => 'UDFXB',  ),  'session_id' => '',  'last_activity' => 1394699991,  'auth_hasIdentity' => 'yes',  'auth_user_username' => 'asd',  'auth_user_email' => 'eguvenc@gmail.com',  'auth_user_id' => '52',) 
[2014-03-13 08:39:51] system.debug: --> Auth Class Initialized  
[2014-03-13 08:39:51] system.debug: --> Public User Class Initialized  
[2014-03-13 08:39:51] system.debug: --> Exceptions Class Initialized  
[2014-03-13 08:39:51] system.debug: --> Error Class Initialized  
[2014-03-13 08:39:51] system.debug: --> Error Class Initialized  
[2014-03-13 08:39:51] system.error: --> Notice: Undefined variable: username ROOT/public/home/controller/home.php 73  
[2014-03-13 08:39:51] system.alert: --> Possible hacking attempt ! array (  'username' => NULL,) 
[2014-03-13 08:39:51] system.debug: --> Db Class Initialized  
[2014-03-13 08:39:51] system.debug: --> Request Class Initialized  
[2014-03-13 08:39:51] system.debug: --> $_SQL ( Query ): array (  'time' => '0.0001',  'output' => '         SELECT *,         IFNULL((SELECT count(*) FROM comments          WHERE posts.post_id = comment_post_id AND comment_status = 1          GROUP BY posts.post_id LIMIT 1), 0) as total_comment          FROM (posts)          JOIN users ON user_id = post_user_id         WHERE `post_status` = \'Published\'         ',) 
[2014-03-13 08:39:51] system.debug: --> $_HVC: posts / getallhome / index array (  'time' => '0.0003',  'output' => '<br /><div style="float:left;">{"results":[{"post_id":"10","post_user_id":"52","post_title":"HELLLO","post_content":"dasdasdASDASD","post_tags":"blog","post_status":"Published","post_creation_date":"2014-03-02 13:45:00","post_modification_date":"2014-03-10 07:52:49","user_id":"52","user_email":"eguvenc@gmail.com","user_password":"$2y$10$XK2SY\\/ukm9L\\/WbwhCeG0Ku.cl0OSgScIPMqX26i6HxB1prGDBko5a","user_creation_date":"2014-02-17 15:44:11","user_modification_date":null,"user_username":"asd","total_comment":"0"}]}</div><div style="clear:both;"></div>',) 
[2014-03-13 08:39:51] system.debug: --> Url Class Initialized  
[2014-03-13 08:39:51] system.debug: --> Auth Class Initialized  
[2014-03-13 08:39:51] system.debug: --> View Class Initialized  
[2014-03-13 08:39:51] system.debug: --> Config file loaded: /var/www/demo_blog/app/config/navbar.php  
[2014-03-13 08:39:51] system.debug: --> Request Class Initialized  
[2014-03-13 08:39:51] system.debug: --> View file loaded: /var/www/demo_blog/private/views/view/header.php  
[2014-03-13 08:39:51] system.debug: --> $_HVC: views / header / index array (  'time' => '0.0006',  'output' => '<br /><div style="float:left;"><div id="header"> <h1 class="logo"><a href="/home">Blog Demo</a></h1><div id="menu"><ul><li><a href="/home"   id="active"  >Home</a></li><li><a href="/about"   >About</a></li><li><a href="/contact"   >Contact</a></li></ul></div></div></div><div style="clear:both;"></div>',) 
[2014-03-13 08:39:51] system.debug: --> Url Class Initialized  
[2014-03-13 08:39:51] system.debug: --> Auth Class Initialized  
[2014-03-13 08:39:51] system.debug: --> View Class Initialized  
[2014-03-13 08:39:51] system.debug: --> Hvc Class Initialized  
[2014-03-13 08:39:51] system.debug: --> Request Class Initialized  
[2014-03-13 08:39:51] system.debug: --> Post Class Initialized  
[2014-03-13 08:39:51] system.debug: --> Db Class Initialized  
[2014-03-13 08:39:51] system.debug: --> Request Class Initialized  
[2014-03-13 08:39:51] system.debug: --> $_SQL ( Query ): array (  'time' => '0.0001',  'output' => 'SELECT * FROM comments WHERE comment_status = 0',) 
[2014-03-13 08:39:51] system.debug: --> $_HVC: comments / getcount / index array (  'time' => '0.0002',  'output' => '<br /><div style="float:left;">{"results":{"count":0}}</div><div style="clear:both;"></div>',) 
[2014-03-13 08:39:51] system.debug: --> View file loaded: /var/www/demo_blog/private/views/view/sidebar.php  
[2014-03-13 08:39:51] system.debug: --> $_HVC: views / sidebar / index array (  'time' => '0.0045',  'output' => '<br /><div style="float:left;"><div id="sidebar">         <div id="sidepaneluser">            <div class="sidebarheader">                <div id="block"></div>                <div id="tags">asd</div>            </div>            <div class="tags_panel">                <a href="/post/create">Create New Post</a> <br>                <a href="/post/manage">Manage Posts</a> <br>                <a href="/comment/display">Approve Comments</a>                <span class="approve_comments">                    ( 0 )                </span> <br>                                <a href="/membership/logout">Logout</a> <br>            </div>         </div>         <div id="sidepaneluser">                <div class="sidebarheader">            <div id="block"></div>            <div id="tags">Tags</div>        </div>        <div class="tags_a">            <a href="/tag/blog">blog</a>            <a href="/tag/test">test</a>        </div>     </div></div></div><div style="clear:both;"></div>',) 
[2014-03-13 08:39:51] system.debug: --> View file loaded: /var/www/demo_blog/app/templates/footer.php  
[2014-03-13 08:39:51] system.debug: --> View file loaded: /var/www/demo_blog/public/home/view/home.php  
[2014-03-13 08:39:51] system.debug: --> Form Class getNotice() Executed  
[2014-03-13 08:39:51] system.debug: --> Final output sent to browser array (  'memory' => '2,045,984 bytes',) 
[2014-03-13 08:40:01] system.debug: --> Config Class Initialized  
[2014-03-13 08:40:01] system.debug: --> Translator Class Initialized  
[2014-03-13 08:40:01] system.debug: --> Response Class Initialized  
[2014-03-13 08:40:01] system.debug: --> Uri Class Initialized  
[2014-03-13 08:40:01] system.debug: --> Router Class Initialized  
[2014-03-13 08:40:01] system.debug: --> Global POST and COOKIE data sanitized  
[2014-03-13 08:40:01] system.debug: --> $_REQUEST_URI: /home  
[2014-03-13 08:40:01] system.debug: --> $_COOKIE:  array (  'frm_session' => '3650g9f73b0tq65fr83s6o4nt5',  'frm_session_userdata' => 'a:4:{s:10:"session_id";s:0:"";s:10:"ip_address";s:9:"127.0.0.1";s:10:"user_agent";s:50:"Mozilla/5.0 (X11; Linux x86_64) AppleWebKit/537.36";s:13:"last_activity";i:1394699991;}7d0ee845c82d8e57f332358d250c7948',) 
[2014-03-13 08:40:01] system.debug: --> $_POST:   
[2014-03-13 08:40:01] system.debug: --> $_GET:   
[2014-03-13 08:40:01] system.debug: --> Error Class Initialized  
[2014-03-13 08:40:06] system.debug: --> Config Class Initialized  
[2014-03-13 08:40:06] system.debug: --> Translator Class Initialized  
[2014-03-13 08:40:06] system.debug: --> Response Class Initialized  
[2014-03-13 08:40:06] system.debug: --> Uri Class Initialized  
[2014-03-13 08:40:06] system.debug: --> Router Class Initialized  
[2014-03-13 08:40:06] system.debug: --> Global POST and COOKIE data sanitized  
[2014-03-13 08:40:06] system.debug: --> $_REQUEST_URI: /home  
[2014-03-13 08:40:06] system.debug: --> $_COOKIE:  array (  'frm_session' => '3650g9f73b0tq65fr83s6o4nt5',  'frm_session_userdata' => 'a:4:{s:10:"session_id";s:0:"";s:10:"ip_address";s:9:"127.0.0.1";s:10:"user_agent";s:50:"Mozilla/5.0 (X11; Linux x86_64) AppleWebKit/537.36";s:13:"last_activity";i:1394699991;}7d0ee845c82d8e57f332358d250c7948',) 
[2014-03-13 08:40:06] system.debug: --> $_POST:   
[2014-03-13 08:40:06] system.debug: --> $_GET:   
[2014-03-13 08:40:06] system.debug: --> Post Class Initialized  
[2014-03-13 08:40:06] system.debug: --> Url Class Initialized  
[2014-03-13 08:40:06] system.debug: --> Html Class Initialized  
[2014-03-13 08:40:06] system.debug: --> Language file loaded: /var/www/demo_blog/app/translations/en_US/date_format.php  
[2014-03-13 08:40:06] system.debug: --> Date_Format Class Initialized  
[2014-03-13 08:40:06] system.debug: --> Url Class Initialized  
[2014-03-13 08:40:06] system.debug: --> Tag Cloud Class Initialized  
[2014-03-13 08:40:06] system.debug: --> View Class Initialized  
[2014-03-13 08:40:06] system.debug: --> Validator Class Initialized  
[2014-03-13 08:40:06] system.debug: --> Language file loaded: /var/www/demo_blog/app/translations/en_US/form.php  
[2014-03-13 08:40:06] system.debug: --> Form Class Initialized  
[2014-03-13 08:40:06] system.debug: --> Language file loaded: /var/www/demo_blog/app/translations/en_US/hvc.php  
[2014-03-13 08:40:06] system.debug: --> Hvc Class Initialized  
[2014-03-13 08:40:06] system.debug: --> Request Class Initialized  
[2014-03-13 08:40:06] system.debug: --> Session Native Driver Initialized  
[2014-03-13 08:40:06] system.debug: --> Session routines successfully run  
[2014-03-13 08:40:06] system.debug: --> Sess Class Initialized  
[2014-03-13 08:40:06] system.debug: --> $_SESSION:  array (  'captcha_id' =>   array (    'image_name' => '55d86bf5cde9533732b6678e80bff8be',    'code' => 'UDFXB',  ),  'session_id' => '',  'last_activity' => 1394700006,  'auth_hasIdentity' => 'yes',  'auth_user_username' => 'asd',  'auth_user_email' => 'eguvenc@gmail.com',  'auth_user_id' => '52',) 
[2014-03-13 08:40:06] system.debug: --> Auth Class Initialized  
[2014-03-13 08:40:06] system.debug: --> Public User Class Initialized  
[2014-03-13 08:40:06] system.alert: --> Possible hacking attempt ! array (  'username' => 'test',) 
[2014-03-13 08:40:06] system.debug: --> Db Class Initialized  
[2014-03-13 08:40:06] system.debug: --> Request Class Initialized  
[2014-03-13 08:40:06] system.debug: --> $_SQL ( Query ): array (  'time' => '0.0001',  'output' => '         SELECT *,         IFNULL((SELECT count(*) FROM comments          WHERE posts.post_id = comment_post_id AND comment_status = 1          GROUP BY posts.post_id LIMIT 1), 0) as total_comment          FROM (posts)          JOIN users ON user_id = post_user_id         WHERE `post_status` = \'Published\'         ',) 
[2014-03-13 08:40:06] system.debug: --> $_HVC: posts / getallhome / index array (  'time' => '0.0003',  'output' => '<br /><div style="float:left;">{"results":[{"post_id":"10","post_user_id":"52","post_title":"HELLLO","post_content":"dasdasdASDASD","post_tags":"blog","post_status":"Published","post_creation_date":"2014-03-02 13:45:00","post_modification_date":"2014-03-10 07:52:49","user_id":"52","user_email":"eguvenc@gmail.com","user_password":"$2y$10$XK2SY\\/ukm9L\\/WbwhCeG0Ku.cl0OSgScIPMqX26i6HxB1prGDBko5a","user_creation_date":"2014-02-17 15:44:11","user_modification_date":null,"user_username":"asd","total_comment":"0"}]}</div><div style="clear:both;"></div>',) 
[2014-03-13 08:40:06] system.debug: --> Url Class Initialized  
[2014-03-13 08:40:06] system.debug: --> Auth Class Initialized  
[2014-03-13 08:40:06] system.debug: --> View Class Initialized  
[2014-03-13 08:40:06] system.debug: --> Config file loaded: /var/www/demo_blog/app/config/navbar.php  
[2014-03-13 08:40:06] system.debug: --> Request Class Initialized  
[2014-03-13 08:40:06] system.debug: --> View file loaded: /var/www/demo_blog/private/views/view/header.php  
[2014-03-13 08:40:06] system.debug: --> $_HVC: views / header / index array (  'time' => '0.0006',  'output' => '<br /><div style="float:left;"><div id="header"> <h1 class="logo"><a href="/home">Blog Demo</a></h1><div id="menu"><ul><li><a href="/home"   id="active"  >Home</a></li><li><a href="/about"   >About</a></li><li><a href="/contact"   >Contact</a></li></ul></div></div></div><div style="clear:both;"></div>',) 
[2014-03-13 08:40:06] system.debug: --> Url Class Initialized  
[2014-03-13 08:40:06] system.debug: --> Auth Class Initialized  
[2014-03-13 08:40:06] system.debug: --> View Class Initialized  
[2014-03-13 08:40:06] system.debug: --> Hvc Class Initialized  
[2014-03-13 08:40:06] system.debug: --> Request Class Initialized  
[2014-03-13 08:40:06] system.debug: --> Post Class Initialized  
[2014-03-13 08:40:06] system.debug: --> Db Class Initialized  
[2014-03-13 08:40:06] system.debug: --> Request Class Initialized  
[2014-03-13 08:40:06] system.debug: --> $_SQL ( Query ): array (  'time' => '0.0001',  'output' => 'SELECT * FROM comments WHERE comment_status = 0',) 
[2014-03-13 08:40:06] system.debug: --> $_HVC: comments / getcount / index array (  'time' => '0.0003',  'output' => '<br /><div style="float:left;">{"results":{"count":0}}</div><div style="clear:both;"></div>',) 
[2014-03-13 08:40:06] system.debug: --> View file loaded: /var/www/demo_blog/private/views/view/sidebar.php  
[2014-03-13 08:40:06] system.debug: --> $_HVC: views / sidebar / index array (  'time' => '0.0019',  'output' => '<br /><div style="float:left;"><div id="sidebar">         <div id="sidepaneluser">            <div class="sidebarheader">                <div id="block"></div>                <div id="tags">asd</div>            </div>            <div class="tags_panel">                <a href="/post/create">Create New Post</a> <br>                <a href="/post/manage">Manage Posts</a> <br>                <a href="/comment/display">Approve Comments</a>                <span class="approve_comments">                    ( 0 )                </span> <br>                                <a href="/membership/logout">Logout</a> <br>            </div>         </div>         <div id="sidepaneluser">                <div class="sidebarheader">            <div id="block"></div>            <div id="tags">Tags</div>        </div>        <div class="tags_a">            <a href="/tag/blog">blog</a>            <a href="/tag/test">test</a>        </div>     </div></div></div><div style="clear:both;"></div>',) 
[2014-03-13 08:40:06] system.debug: --> View file loaded: /var/www/demo_blog/app/templates/footer.php  
[2014-03-13 08:40:06] system.debug: --> View file loaded: /var/www/demo_blog/public/home/view/home.php  
[2014-03-13 08:40:06] system.debug: --> Form Class getNotice() Executed  
[2014-03-13 08:40:06] system.debug: --> Final output sent to browser array (  'memory' => '1,878,488 bytes',) 
[2014-03-13 08:40:37] system.debug: --> Config Class Initialized  
[2014-03-13 08:40:37] system.debug: --> Translator Class Initialized  
[2014-03-13 08:40:37] system.debug: --> Response Class Initialized  
[2014-03-13 08:40:37] system.debug: --> Uri Class Initialized  
[2014-03-13 08:40:37] system.debug: --> Router Class Initialized  
[2014-03-13 08:40:37] system.debug: --> Global POST and COOKIE data sanitized  
[2014-03-13 08:40:37] system.debug: --> $_REQUEST_URI: /home  
[2014-03-13 08:40:37] system.debug: --> $_COOKIE:  array (  'frm_session' => '3650g9f73b0tq65fr83s6o4nt5',  'frm_session_userdata' => 'a:4:{s:10:"session_id";s:0:"";s:10:"ip_address";s:9:"127.0.0.1";s:10:"user_agent";s:50:"Mozilla/5.0 (X11; Linux x86_64) AppleWebKit/537.36";s:13:"last_activity";i:1394700006;}1fe91fdf5abd6c0a8cd6ca876199f1c4',) 
[2014-03-13 08:40:37] system.debug: --> $_POST:   
[2014-03-13 08:40:37] system.debug: --> $_GET:   
[2014-03-13 08:40:37] system.debug: --> Post Class Initialized  
[2014-03-13 08:40:37] system.debug: --> Url Class Initialized  
[2014-03-13 08:40:37] system.debug: --> Html Class Initialized  
[2014-03-13 08:40:37] system.debug: --> Language file loaded: /var/www/demo_blog/app/translations/en_US/date_format.php  
[2014-03-13 08:40:37] system.debug: --> Date_Format Class Initialized  
[2014-03-13 08:40:37] system.debug: --> Url Class Initialized  
[2014-03-13 08:40:37] system.debug: --> Tag Cloud Class Initialized  
[2014-03-13 08:40:37] system.debug: --> View Class Initialized  
[2014-03-13 08:40:37] system.debug: --> Validator Class Initialized  
[2014-03-13 08:40:37] system.debug: --> Language file loaded: /var/www/demo_blog/app/translations/en_US/form.php  
[2014-03-13 08:40:37] system.debug: --> Form Class Initialized  
[2014-03-13 08:40:37] system.debug: --> Language file loaded: /var/www/demo_blog/app/translations/en_US/hvc.php  
[2014-03-13 08:40:37] system.debug: --> Hvc Class Initialized  
[2014-03-13 08:40:37] system.debug: --> Request Class Initialized  
[2014-03-13 08:40:37] system.debug: --> Session Native Driver Initialized  
[2014-03-13 08:40:37] system.debug: --> Session routines successfully run  
[2014-03-13 08:40:37] system.debug: --> Sess Class Initialized  
[2014-03-13 08:40:37] system.debug: --> $_SESSION:  array (  'captcha_id' =>   array (    'image_name' => '55d86bf5cde9533732b6678e80bff8be',    'code' => 'UDFXB',  ),  'session_id' => '',  'last_activity' => 1394700037,  'auth_hasIdentity' => 'yes',  'auth_user_username' => 'asd',  'auth_user_email' => 'eguvenc@gmail.com',  'auth_user_id' => '52',) 
[2014-03-13 08:40:37] system.debug: --> Auth Class Initialized  
[2014-03-13 08:40:37] system.debug: --> Public User Class Initialized  
[2014-03-13 08:40:37] security.alert: --> Possible hacking attempt ! array (  'username' => 'test',) 
[2014-03-13 08:40:37] system.debug: --> Db Class Initialized  
[2014-03-13 08:40:37] system.debug: --> Request Class Initialized  
[2014-03-13 08:40:37] system.debug: --> $_SQL ( Query ): array (  'time' => '0.0001',  'output' => '         SELECT *,         IFNULL((SELECT count(*) FROM comments          WHERE posts.post_id = comment_post_id AND comment_status = 1          GROUP BY posts.post_id LIMIT 1), 0) as total_comment          FROM (posts)          JOIN users ON user_id = post_user_id         WHERE `post_status` = \'Published\'         ',) 
[2014-03-13 08:40:37] system.debug: --> $_HVC: posts / getallhome / index array (  'time' => '0.0002',  'output' => '<br /><div style="float:left;">{"results":[{"post_id":"10","post_user_id":"52","post_title":"HELLLO","post_content":"dasdasdASDASD","post_tags":"blog","post_status":"Published","post_creation_date":"2014-03-02 13:45:00","post_modification_date":"2014-03-10 07:52:49","user_id":"52","user_email":"eguvenc@gmail.com","user_password":"$2y$10$XK2SY\\/ukm9L\\/WbwhCeG0Ku.cl0OSgScIPMqX26i6HxB1prGDBko5a","user_creation_date":"2014-02-17 15:44:11","user_modification_date":null,"user_username":"asd","total_comment":"0"}]}</div><div style="clear:both;"></div>',) 
[2014-03-13 08:40:37] system.debug: --> Url Class Initialized  
[2014-03-13 08:40:37] system.debug: --> Auth Class Initialized  
[2014-03-13 08:40:37] system.debug: --> View Class Initialized  
[2014-03-13 08:40:37] system.debug: --> Config file loaded: /var/www/demo_blog/app/config/navbar.php  
[2014-03-13 08:40:37] system.debug: --> Request Class Initialized  
[2014-03-13 08:40:37] system.debug: --> View file loaded: /var/www/demo_blog/private/views/view/header.php  
[2014-03-13 08:40:37] system.debug: --> $_HVC: views / header / index array (  'time' => '0.0006',  'output' => '<br /><div style="float:left;"><div id="header"> <h1 class="logo"><a href="/home">Blog Demo</a></h1><div id="menu"><ul><li><a href="/home"   id="active"  >Home</a></li><li><a href="/about"   >About</a></li><li><a href="/contact"   >Contact</a></li></ul></div></div></div><div style="clear:both;"></div>',) 
[2014-03-13 08:40:37] system.debug: --> Url Class Initialized  
[2014-03-13 08:40:37] system.debug: --> Auth Class Initialized  
[2014-03-13 08:40:37] system.debug: --> View Class Initialized  
[2014-03-13 08:40:37] system.debug: --> Hvc Class Initialized  
[2014-03-13 08:40:37] system.debug: --> Request Class Initialized  
[2014-03-13 08:40:37] system.debug: --> Post Class Initialized  
[2014-03-13 08:40:37] system.debug: --> Db Class Initialized  
[2014-03-13 08:40:37] system.debug: --> Request Class Initialized  
[2014-03-13 08:40:37] system.debug: --> $_SQL ( Query ): array (  'time' => '0.0001',  'output' => 'SELECT * FROM comments WHERE comment_status = 0',) 
[2014-03-13 08:40:37] system.debug: --> $_HVC: comments / getcount / index array (  'time' => '0.0002',  'output' => '<br /><div style="float:left;">{"results":{"count":0}}</div><div style="clear:both;"></div>',) 
[2014-03-13 08:40:37] system.debug: --> View file loaded: /var/www/demo_blog/private/views/view/sidebar.php  
[2014-03-13 08:40:37] system.debug: --> $_HVC: views / sidebar / index array (  'time' => '0.0015',  'output' => '<br /><div style="float:left;"><div id="sidebar">         <div id="sidepaneluser">            <div class="sidebarheader">                <div id="block"></div>                <div id="tags">asd</div>            </div>            <div class="tags_panel">                <a href="/post/create">Create New Post</a> <br>                <a href="/post/manage">Manage Posts</a> <br>                <a href="/comment/display">Approve Comments</a>                <span class="approve_comments">                    ( 0 )                </span> <br>                                <a href="/membership/logout">Logout</a> <br>            </div>         </div>         <div id="sidepaneluser">                <div class="sidebarheader">            <div id="block"></div>            <div id="tags">Tags</div>        </div>        <div class="tags_a">            <a href="/tag/blog">blog</a>            <a href="/tag/test">test</a>        </div>     </div></div></div><div style="clear:both;"></div>',) 
[2014-03-13 08:40:37] system.debug: --> View file loaded: /var/www/demo_blog/app/templates/footer.php  
[2014-03-13 08:40:37] system.debug: --> View file loaded: /var/www/demo_blog/public/home/view/home.php  
[2014-03-13 08:40:37] system.debug: --> Form Class getNotice() Executed  
[2014-03-13 08:40:37] system.debug: --> Final output sent to browser array (  'memory' => '1,879,088 bytes',) 
[2014-03-13 08:42:38] system.debug: --> Config Class Initialized  
[2014-03-13 08:42:38] system.debug: --> Translator Class Initialized  
[2014-03-13 08:42:38] system.debug: --> Response Class Initialized  
[2014-03-13 08:42:38] system.debug: --> Uri Class Initialized  
[2014-03-13 08:42:38] system.debug: --> Router Class Initialized  
[2014-03-13 08:42:38] system.debug: --> Global POST and COOKIE data sanitized  
[2014-03-13 08:42:38] system.debug: --> $_REQUEST_URI: /home  
[2014-03-13 08:42:38] system.debug: --> $_COOKIE:  array (  'frm_session' => '3650g9f73b0tq65fr83s6o4nt5',  'frm_session_userdata' => 'a:4:{s:10:"session_id";s:0:"";s:10:"ip_address";s:9:"127.0.0.1";s:10:"user_agent";s:50:"Mozilla/5.0 (X11; Linux x86_64) AppleWebKit/537.36";s:13:"last_activity";i:1394700037;}7b2029b175cf1ba88b8e083d8889a282',) 
[2014-03-13 08:42:38] system.debug: --> $_POST:   
[2014-03-13 08:42:38] system.debug: --> $_GET:   
[2014-03-13 08:42:38] system.debug: --> Post Class Initialized  
[2014-03-13 08:42:38] system.debug: --> Url Class Initialized  
[2014-03-13 08:42:38] system.debug: --> Html Class Initialized  
[2014-03-13 08:42:38] system.debug: --> Language file loaded: /var/www/demo_blog/app/translations/en_US/date_format.php  
[2014-03-13 08:42:38] system.debug: --> Date_Format Class Initialized  
[2014-03-13 08:42:38] system.debug: --> Url Class Initialized  
[2014-03-13 08:42:38] system.debug: --> Tag Cloud Class Initialized  
[2014-03-13 08:42:38] system.debug: --> View Class Initialized  
[2014-03-13 08:42:38] system.debug: --> Validator Class Initialized  
[2014-03-13 08:42:38] system.debug: --> Language file loaded: /var/www/demo_blog/app/translations/en_US/form.php  
[2014-03-13 08:42:38] system.debug: --> Form Class Initialized  
[2014-03-13 08:42:38] system.debug: --> Language file loaded: /var/www/demo_blog/app/translations/en_US/hvc.php  
[2014-03-13 08:42:38] system.debug: --> Hvc Class Initialized  
[2014-03-13 08:42:38] system.debug: --> Request Class Initialized  
[2014-03-13 08:42:38] system.debug: --> Session Native Driver Initialized  
[2014-03-13 08:42:38] system.debug: --> Session routines successfully run  
[2014-03-13 08:42:38] system.debug: --> Sess Class Initialized  
[2014-03-13 08:42:38] system.debug: --> $_SESSION:  array (  'captcha_id' =>   array (    'image_name' => '55d86bf5cde9533732b6678e80bff8be',    'code' => 'UDFXB',  ),  'session_id' => '',  'last_activity' => 1394700158,  'auth_hasIdentity' => 'yes',  'auth_user_username' => 'asd',  'auth_user_email' => 'eguvenc@gmail.com',  'auth_user_id' => '52',) 
[2014-03-13 08:42:38] system.debug: --> Auth Class Initialized  
[2014-03-13 08:42:38] system.debug: --> Public User Class Initialized  
[2014-03-13 08:42:38] security.alert: --> Possible hacking attempt ! array (  'username' => 'test',) 
[2014-03-13 08:42:38] disaster.emergency: --> Site down !! system unusable !   
[2014-03-13 08:42:38] system.debug: --> Db Class Initialized  
[2014-03-13 08:42:38] system.debug: --> Request Class Initialized  
[2014-03-13 08:42:38] system.debug: --> $_SQL ( Query ): array (  'time' => '0.0001',  'output' => '         SELECT *,         IFNULL((SELECT count(*) FROM comments          WHERE posts.post_id = comment_post_id AND comment_status = 1          GROUP BY posts.post_id LIMIT 1), 0) as total_comment          FROM (posts)          JOIN users ON user_id = post_user_id         WHERE `post_status` = \'Published\'         ',) 
[2014-03-13 08:42:38] system.debug: --> $_HVC: posts / getallhome / index array (  'time' => '0.0003',  'output' => '<br /><div style="float:left;">{"results":[{"post_id":"10","post_user_id":"52","post_title":"HELLLO","post_content":"dasdasdASDASD","post_tags":"blog","post_status":"Published","post_creation_date":"2014-03-02 13:45:00","post_modification_date":"2014-03-10 07:52:49","user_id":"52","user_email":"eguvenc@gmail.com","user_password":"$2y$10$XK2SY\\/ukm9L\\/WbwhCeG0Ku.cl0OSgScIPMqX26i6HxB1prGDBko5a","user_creation_date":"2014-02-17 15:44:11","user_modification_date":null,"user_username":"asd","total_comment":"0"}]}</div><div style="clear:both;"></div>',) 
[2014-03-13 08:42:38] system.debug: --> Url Class Initialized  
[2014-03-13 08:42:38] system.debug: --> Auth Class Initialized  
[2014-03-13 08:42:38] system.debug: --> View Class Initialized  
[2014-03-13 08:42:38] system.debug: --> Config file loaded: /var/www/demo_blog/app/config/navbar.php  
[2014-03-13 08:42:38] system.debug: --> Request Class Initialized  
[2014-03-13 08:42:38] system.debug: --> View file loaded: /var/www/demo_blog/private/views/view/header.php  
[2014-03-13 08:42:38] system.debug: --> $_HVC: views / header / index array (  'time' => '0.0006',  'output' => '<br /><div style="float:left;"><div id="header"> <h1 class="logo"><a href="/home">Blog Demo</a></h1><div id="menu"><ul><li><a href="/home"   id="active"  >Home</a></li><li><a href="/about"   >About</a></li><li><a href="/contact"   >Contact</a></li></ul></div></div></div><div style="clear:both;"></div>',) 
[2014-03-13 08:42:38] system.debug: --> Url Class Initialized  
[2014-03-13 08:42:38] system.debug: --> Auth Class Initialized  
[2014-03-13 08:42:38] system.debug: --> View Class Initialized  
[2014-03-13 08:42:38] system.debug: --> Hvc Class Initialized  
[2014-03-13 08:42:38] system.debug: --> Request Class Initialized  
[2014-03-13 08:42:38] system.debug: --> Post Class Initialized  
[2014-03-13 08:42:38] system.debug: --> Db Class Initialized  
[2014-03-13 08:42:38] system.debug: --> Request Class Initialized  
[2014-03-13 08:42:38] system.debug: --> $_SQL ( Query ): array (  'time' => '0.0001',  'output' => 'SELECT * FROM comments WHERE comment_status = 0',) 
[2014-03-13 08:42:38] system.debug: --> $_HVC: comments / getcount / index array (  'time' => '0.0003',  'output' => '<br /><div style="float:left;">{"results":{"count":0}}</div><div style="clear:both;"></div>',) 
[2014-03-13 08:42:38] system.debug: --> View file loaded: /var/www/demo_blog/private/views/view/sidebar.php  
[2014-03-13 08:42:38] system.debug: --> $_HVC: views / sidebar / index array (  'time' => '0.0019',  'output' => '<br /><div style="float:left;"><div id="sidebar">         <div id="sidepaneluser">            <div class="sidebarheader">                <div id="block"></div>                <div id="tags">asd</div>            </div>            <div class="tags_panel">                <a href="/post/create">Create New Post</a> <br>                <a href="/post/manage">Manage Posts</a> <br>                <a href="/comment/display">Approve Comments</a>                <span class="approve_comments">                    ( 0 )                </span> <br>                                <a href="/membership/logout">Logout</a> <br>            </div>         </div>         <div id="sidepaneluser">                <div class="sidebarheader">            <div id="block"></div>            <div id="tags">Tags</div>        </div>        <div class="tags_a">            <a href="/tag/blog">blog</a>            <a href="/tag/test">test</a>        </div>     </div></div></div><div style="clear:both;"></div>',) 
[2014-03-13 08:42:38] system.debug: --> View file loaded: /var/www/demo_blog/app/templates/footer.php  
[2014-03-13 08:42:38] system.debug: --> View file loaded: /var/www/demo_blog/public/home/view/home.php  
[2014-03-13 08:42:38] system.debug: --> Form Class getNotice() Executed  
[2014-03-13 08:42:38] system.debug: --> Final output sent to browser array (  'memory' => '1,880,488 bytes',) 
